app/build/outputs/mapping/release/seeds.txt
app.okauto.twa.LauncherActivity
app.okauto.twa.DelegationService
app.okauto.twa.Application
app.okauto.twa.DelegationService: DelegationService()
app.okauto.twa.LauncherActivity: LauncherActivity()
app.okauto.twa.Application: Application()
...
androidx.lifecycle.LifecycleCoroutineScopeImpl
com.google.androidbrowserhelper.trusted.WebViewFallbackActivity
androidx.activity.ImmLeaksCleaner
androidx.profileinstaller.ProfileInstallerInitializer
com.google.androidbrowserhelper.trusted.ManageDataLauncherActivity
androidx.core.app.RemoteActionCompat
com.google.androidbrowserhelper.trusted.NotificationPermissionRequestActivity
androidx.lifecycle.LiveData$LifecycleBoundObserver
androidx.core.content.FileProvider
androidx.core.app.CoreComponentFactory
android.support.v4.graphics.drawable.IconCompatParcelizer
androidx.lifecycle.SavedStateHandleController
androidx.activity.OnBackPressedDispatcher$LifecycleOnBackPressedCancellable
androidx.activity.ComponentActivity$4
androidx.core.graphics.drawable.IconCompat
androidx.lifecycle.LegacySavedStateHandleController$tryToAddRecreator$1
androidx.versionedparcelable.CustomVersionedParcelable
androidx.core.app.RemoteActionCompatParcelizer
androidx.lifecycle.DefaultLifecycleObserverAdapter
androidx.startup.InitializationProvider
androidx.versionedparcelable.ParcelImpl
androidx.lifecycle.ReflectiveGenericLifecycleObserver
androidx.savedstate.Recreator
androidx.core.graphics.drawable.IconCompatParcelizer
androidx.profileinstaller.ProfileInstallReceiver
androidx.lifecycle.SingleGeneratedAdapterObserver
androidx.browser.browseractions.BrowserActionsFallbackMenuView
android.support.v4.app.RemoteActionCompatParcelizer
androidx.lifecycle.SavedStateHandleAttacher
com.google.androidbrowserhelper.trusted.FocusActivity
androidx.annotation.Keep
androidx.lifecycle.CompositeGeneratedAdaptersObserver
androidx.versionedparcelable.ParcelImpl: android.os.Parcelable$Creator CREATOR
androidx.concurrent.futures.AbstractResolvableFuture$Waiter: java.lang.Thread thread
androidx.concurrent.futures.AbstractResolvableFuture: java.lang.Object value
androidx.concurrent.futures.AbstractResolvableFuture$Waiter: androidx.concurrent.futures.AbstractResolvableFuture$Waiter next
androidx.concurrent.futures.AbstractResolvableFuture: androidx.concurrent.futures.AbstractResolvableFuture$Listener listeners
androidx.concurrent.futures.AbstractResolvableFuture: androidx.concurrent.futures.AbstractResolvableFuture$Waiter waiters
androidx.core.graphics.drawable.IconCompat$Api26Impl: android.graphics.drawable.Drawable createAdaptiveIconDrawable(android.graphics.drawable.Drawable,android.graphics.drawable.Drawable)
androidx.core.app.NotificationManagerCompat$Api26Impl: void deleteNotificationChannel(android.app.NotificationManager,java.lang.String)
androidx.core.app.NotificationManagerCompat$Api26Impl: void deleteNotificationChannelGroup(android.app.NotificationManager,java.lang.String)
androidx.core.graphics.drawable.IconCompat$Api23Impl: android.graphics.drawable.Icon toIcon(androidx.core.graphics.drawable.IconCompat,android.content.Context)
com.google.androidbrowserhelper.trusted.ManageDataLauncherActivity: ManageDataLauncherActivity()
androidx.core.app.NotificationManagerCompat$Api26Impl: android.app.NotificationChannel getNotificationChannel(android.app.NotificationManager,java.lang.String)
androidx.core.app.NotificationManagerCompat$Api26Impl: java.util.List getNotificationChannelGroups(android.app.NotificationManager)
androidx.core.graphics.drawable.IconCompat$Api28Impl: int getType(java.lang.Object)
androidx.core.app.RemoteActionCompatParcelizer: void write(androidx.core.app.RemoteActionCompat,androidx.versionedparcelable.VersionedParcel)
androidx.core.graphics.drawable.IconCompat$Api23Impl: android.net.Uri getUri(java.lang.Object)
androidx.core.graphics.drawable.IconCompatParcelizer: IconCompatParcelizer()
com.google.androidbrowserhelper.trusted.NotificationPermissionRequestActivity: NotificationPermissionRequestActivity()
androidx.core.app.CoreComponentFactory: CoreComponentFactory()
com.google.androidbrowserhelper.trusted.FocusActivity: FocusActivity()
androidx.core.app.NotificationManagerCompat$Api24Impl: int getImportance(android.app.NotificationManager)