app/build/outputs/mapping/release/mapping.txt
# compiler: R8
# compiler_version: 8.9.32
# min_api: 21
# common_typos_disable
# {"id":"com.android.tools.r8.mapping","version":"2.2"}
# pg_map_id: 703ddea
# pg_map_hash: SHA-256 703ddea5494fb25846e3d724c70044154712486421880a049deee184c7453b13
app.okauto.twa.Application -> app.okauto.twa.Application:
# {"id":"sourceFile","fileName":"Application.java"}
    1:4:void <init>():20:20 -> <init>
    1:4:void onCreate():26:26 -> onCreate
app.okauto.twa.DelegationService -> app.okauto.twa.DelegationService:
# {"id":"sourceFile","fileName":"DelegationService.java"}
    1:4:void <init>():5:5 -> <init>
    1:4:void onCreate():9:9 -> onCreate
app.okauto.twa.LauncherActivity -> app.okauto.twa.LauncherActivity:
# {"id":"sourceFile","fileName":"LauncherActivity.java"}
    1:4:void <init>():25:25 -> <init>
    1:5:android.net.Uri getLaunchingUrl():48:48 -> h
    1:3:void onCreate(android.os.Bundle):33:33 -> onCreate
    4:11:void onCreate(android.os.Bundle):38:38 -> onCreate
    12:16:void onCreate(android.os.Bundle):39:39 -> onCreate
    17:20:void onCreate(android.os.Bundle):41:41 -> onCreate
...
com.google.androidbrowserhelper.trusted.splashscreens.PwaWrapperSplashScreenStrategy -> p.c:
# {"id":"sourceFile","fileName":"PwaWrapperSplashScreenStrategy.java"}
    android.app.Activity mActivity -> a
    int mDrawableId -> b
    int mBackgroundColor -> c
    android.widget.ImageView$ScaleType mScaleType -> d
    android.graphics.Matrix mTransformationMatrix -> e
    java.lang.String mFileProviderAuthority -> f
    int mFadeOutDurationMillis -> g
    android.graphics.Bitmap mSplashImage -> h
    com.google.androidbrowserhelper.trusted.splashscreens.SplashImageTransferTask mSplashImageTransferTask -> i
      # {"id":"com.android.tools.r8.residualsignature","signature":"Lp/d;"}
    java.lang.String mProviderPackage -> j
    boolean mProviderSupportsSplashScreens -> k
    boolean mEnterAnimationComplete -> l
    java.lang.Runnable mOnEnterAnimationCompleteRunnable -> m
    com.google.androidbrowserhelper.trusted.splashscreens.SystemBarColorPredictor sSystemBarColorPredictor -> n
      # {"id":"com.android.tools.r8.residualsignature","signature":"Lp/f;"}
    1:8:void <clinit>():59:59 -> <clinit>
    1:4:void <init>(android.app.Activity,int,int,android.widget.ImageView$ScaleType,android.graphics.Matrix,int,java.lang.String):107:107 -> <init>
    5:6:void <init>(android.app.Activity,int,int,android.widget.ImageView$ScaleType,android.graphics.Matrix,int,java.lang.String):84:84 -> <init>
com.google.androidbrowserhelper.trusted.splashscreens.PwaWrapperSplashScreenStrategy$$ExternalSyntheticLambda0 -> p.a:
# {"id":"sourceFile","fileName":"R8$$SyntheticClass"}
# {"id":"com.android.tools.r8.synthesized"}
    com.google.androidbrowserhelper.trusted.splashscreens.PwaWrapperSplashScreenStrategy com.google.androidbrowserhelper.trusted.splashscreens.PwaWrapperSplashScreenStrategy$$InternalSyntheticLambda$4$ac57bb04aa222145a88b5997ebbf5ae83e400f59aac1cd29d11f6f72cdb01219$0.f$0 -> a
      # {"id":"com.android.tools.r8.residualsignature","signature":"Lp/c;"}
      # {"id":"com.android.tools.r8.synthesized"}
    androidx.browser.trusted.TrustedWebActivityIntentBuilder com.google.androidbrowserhelper.trusted.splashscreens.PwaWrapperSplashScreenStrategy$$InternalSyntheticLambda$4$ac57bb04aa222145a88b5997ebbf5ae83e400f59aac1cd29d11f6f72cdb01219$0.f$1 -> b
      # {"id":"com.android.tools.r8.residualsignature","signature":"Lf/r;"}
      # {"id":"com.android.tools.r8.synthesized"}
    java.lang.Runnable com.google.androidbrowserhelper.trusted.splashscreens.PwaWrapperSplashScreenStrategy$$InternalSyntheticLambda$4$ac57bb04aa222145a88b5997ebbf5ae83e400f59aac1cd29d11f6f72cdb01219$0.f$2 -> c
      # {"id":"com.android.tools.r8.synthesized"}
    1:1:void p.PwaWrapperSplashScreenStrategy$$ExternalSyntheticLambda0.<init>(p.PwaWrapperSplashScreenStrategy,f.TrustedWebActivityIntentBuilder,java.lang.Runnable):0:0 -> <init>
      # {"id":"com.android.tools.r8.synthesized"}