app/build/outputs/mapping/release/usage.txt
app.okauto.twa.R$bool
app.okauto.twa.R$color
app.okauto.twa.R$drawable
app.okauto.twa.R$integer
app.okauto.twa.R$mipmap
app.okauto.twa.R$raw
app.okauto.twa.R$string
app.okauto.twa.R$xml
app.okauto.twa.R
...
androidx.core.text.util.FindAddress
androidx.core.text.util.LinkifyCompat$Api24Impl
androidx.core.text.util.LinkifyCompat$LinkSpec
androidx.core.text.util.LinkifyCompat$LinkifyMask
androidx.core.text.util.LinkifyCompat
androidx.core.text.util.LocalePreferences$1
androidx.core.text.util.LocalePreferences$Api24Impl
androidx.core.text.util.LocalePreferences$Api33Impl
androidx.core.text.util.LocalePreferences$CalendarType$CalendarTypes
androidx.core.text.util.LocalePreferences$CalendarType
androidx.core.text.util.LocalePreferences$FirstDayOfWeek$Days
androidx.core.text.util.LocalePreferences$FirstDayOfWeek
androidx.core.text.util.LocalePreferences$HourCycle$HourCycleTypes
androidx.core.text.util.LocalePreferences$HourCycle
androidx.core.text.util.LocalePreferences$TemperatureUnit$TemperatureUnits
androidx.core.text.util.LocalePreferences$TemperatureUnit
androidx.core.text.util.LocalePreferences
androidx.core.transition.TransitionKt$addListener$1
androidx.core.transition.TransitionKt$addListener$2
androidx.core.transition.TransitionKt$addListener$3
androidx.core.transition.TransitionKt$addListener$4
androidx.core.transition.TransitionKt$addListener$5
androidx.core.transition.TransitionKt$addListener$listener$1
androidx.core.transition.TransitionKt$doOnCancel$$inlined$addListener$default$1
androidx.core.transition.TransitionKt$doOnEnd$$inlined$addListener$default$1
androidx.core.transition.TransitionKt$doOnPause$$inlined$addListener$default$1
androidx.core.transition.TransitionKt$doOnResume$$inlined$addListener$default$1
androidx.core.transition.TransitionKt$doOnStart$$inlined$addListener$default$1
androidx.core.transition.TransitionKt
androidx.core.util.AndroidXConsumerKt
androidx.core.util.AndroidXContinuationConsumer
androidx.core.util.AtomicFile
androidx.core.util.AtomicFileKt
androidx.core.util.Consumer
androidx.core.util.ConsumerKt
androidx.core.util.ContinuationConsumer
androidx.core.util.ContinuationRunnable
androidx.core.util.DebugUtils
androidx.core.util.Function
androidx.core.util.HalfKt
androidx.core.util.LogWriter
androidx.core.util.LongSparseArrayKt$keyIterator$1
androidx.core.util.LongSparseArrayKt$valueIterator$1
androidx.core.util.LongSparseArrayKt
androidx.core.util.LruCacheKt$lruCache$1
androidx.core.util.LruCacheKt$lruCache$2
androidx.core.util.LruCacheKt$lruCache$3
androidx.core.util.LruCacheKt$lruCache$4
androidx.core.util.LruCacheKt
androidx.core.util.ObjectsCompat:
    private void <init>()
    public static boolean equals(java.lang.Object,java.lang.Object)
    public static varargs int hash(java.lang.Object[])
    public static int hashCode(java.lang.Object)
    public static java.lang.Object requireNonNull(java.lang.Object)
    public static java.lang.String toString(java.lang.Object,java.lang.String)
androidx.core.util.Pair
androidx.core.util.PairKt
androidx.core.util.PatternsCompat
androidx.core.util.Pools$Pool
androidx.core.util.Pools$SimplePool
androidx.core.util.Pools$SynchronizedPool
androidx.core.util.Pools
androidx.core.util.Preconditions
androidx.core.util.Predicate
androidx.core.util.RangeKt$toClosedRange$1
androidx.core.util.RangeKt
androidx.core.util.RunnableKt
androidx.core.util.SizeFCompat$Api21Impl
androidx.core.util.SizeFCompat
androidx.core.util.SizeKt
androidx.core.util.SparseArrayKt$keyIterator$1
androidx.core.util.SparseArrayKt$valueIterator$1
androidx.core.util.SparseArrayKt
androidx.core.util.SparseBooleanArrayKt$keyIterator$1
androidx.core.util.SparseBooleanArrayKt$valueIterator$1
androidx.core.util.SparseBooleanArrayKt
androidx.core.util.SparseIntArrayKt$keyIterator$1
androidx.core.util.SparseIntArrayKt$valueIterator$1
androidx.core.util.SparseIntArrayKt
androidx.core.util.SparseLongArrayKt$keyIterator$1
androidx.core.util.SparseLongArrayKt$valueIterator$1
androidx.core.util.SparseLongArrayKt
androidx.core.util.Supplier
androidx.core.util.TimeUtils
androidx.core.util.TypedValueCompat$Api34Impl
androidx.core.util.TypedValueCompat$ComplexDimensionUnit